{"/Users/jasonwong/_backup/development/products/webapp/vue/boardkit/src/components/board/BoardButton.vue": {"path":"/Users/jasonwong/_backup/development/products/webapp/vue/boardkit/src/components/board/BoardButton.vue","statementMap":{"0":{"start":{"line":11,"column":14},"end":{"line":11,"column":null}},"1":{"start":{"line":18,"column":70},"end":{"line":24,"column":null}},"2":{"start":{"line":26,"column":64},"end":{"line":30,"column":null}},"3":{"start":{"line":32,"column":16},"end":{"line":41,"column":null}},"4":{"start":{"line":32,"column":31},"end":{"line":41,"column":1}},"5":{"start":{"line":45,"column":2},"end":{"line":51,"column":null}}},"fnMap":{"0":{"name":"(anonymous_0)","decl":{"start":{"line":32,"column":16},"end":{"line":32,"column":31}},"loc":{"start":{"line":32,"column":31},"end":{"line":41,"column":1}},"line":32}},"branchMap":{},"s":{"0":4,"1":4,"2":4,"3":4,"4":4,"5":4},"f":{"0":4},"b":{},"meta":{"lastBranch":0,"lastFunction":0,"lastStatement":0,"seen":{},"fnNames":{}}}
,"/Users/jasonwong/_backup/development/products/webapp/vue/boardkit/src/models/layouts/grid-layout.ts": {"path":"/Users/jasonwong/_backup/development/products/webapp/vue/boardkit/src/models/layouts/grid-layout.ts","statementMap":{"0":{"start":{"line":4,"column":30},"end":{"line":9,"column":null}},"1":{"start":{"line":11,"column":32},"end":{"line":30,"column":null}}},"fnMap":{},"branchMap":{},"s":{"0":1,"1":1},"f":{},"b":{},"meta":{"lastBranch":0,"lastFunction":0,"lastStatement":2,"seen":{"s:4:30:9:Infinity":0,"s:11:32:30:Infinity":1},"fnNames":{}}}
,"/Users/jasonwong/_backup/development/products/webapp/vue/boardkit/src/models/widgets/grid-widget.ts": {"path":"/Users/jasonwong/_backup/development/products/webapp/vue/boardkit/src/models/widgets/grid-widget.ts","statementMap":{"0":{"start":{"line":3,"column":36},"end":{"line":7,"column":null}},"1":{"start":{"line":9,"column":32},"end":{"line":15,"column":null}}},"fnMap":{},"branchMap":{},"s":{"0":1,"1":1},"f":{},"b":{},"meta":{"lastBranch":0,"lastFunction":0,"lastStatement":2,"seen":{"s:3:36:7:Infinity":0,"s:9:32:15:Infinity":1},"fnNames":{}}}
,"/Users/jasonwong/_backup/development/products/webapp/vue/boardkit/src/test/models_layouts/fixtures/invalid-empty-rows.json": {"path":"/Users/jasonwong/_backup/development/products/webapp/vue/boardkit/src/test/models_layouts/fixtures/invalid-empty-rows.json","statementMap":{},"fnMap":{},"branchMap":{},"s":{},"f":{},"b":{},"meta":{"lastBranch":0,"lastFunction":0,"lastStatement":0,"seen":{},"fnNames":{}}}
,"/Users/jasonwong/_backup/development/products/webapp/vue/boardkit/src/test/models_layouts/fixtures/invalid-height-enum.json": {"path":"/Users/jasonwong/_backup/development/products/webapp/vue/boardkit/src/test/models_layouts/fixtures/invalid-height-enum.json","statementMap":{},"fnMap":{},"branchMap":{},"s":{},"f":{},"b":{},"meta":{"lastBranch":0,"lastFunction":0,"lastStatement":0,"seen":{},"fnNames":{}}}
,"/Users/jasonwong/_backup/development/products/webapp/vue/boardkit/src/test/models_layouts/fixtures/invalid-layout-type.json": {"path":"/Users/jasonwong/_backup/development/products/webapp/vue/boardkit/src/test/models_layouts/fixtures/invalid-layout-type.json","statementMap":{},"fnMap":{},"branchMap":{},"s":{},"f":{},"b":{},"meta":{"lastBranch":0,"lastFunction":0,"lastStatement":0,"seen":{},"fnNames":{}}}
,"/Users/jasonwong/_backup/development/products/webapp/vue/boardkit/src/test/models_layouts/fixtures/invalid-missing-layout.json": {"path":"/Users/jasonwong/_backup/development/products/webapp/vue/boardkit/src/test/models_layouts/fixtures/invalid-missing-layout.json","statementMap":{},"fnMap":{},"branchMap":{},"s":{},"f":{},"b":{},"meta":{"lastBranch":0,"lastFunction":0,"lastStatement":0,"seen":{},"fnNames":{}}}
,"/Users/jasonwong/_backup/development/products/webapp/vue/boardkit/src/test/models_layouts/fixtures/invalid-missing-size-defaults.json": {"path":"/Users/jasonwong/_backup/development/products/webapp/vue/boardkit/src/test/models_layouts/fixtures/invalid-missing-size-defaults.json","statementMap":{},"fnMap":{},"branchMap":{},"s":{},"f":{},"b":{},"meta":{"lastBranch":0,"lastFunction":0,"lastStatement":0,"seen":{},"fnNames":{}}}
,"/Users/jasonwong/_backup/development/products/webapp/vue/boardkit/src/test/models_layouts/fixtures/invalid-missing-version.json": {"path":"/Users/jasonwong/_backup/development/products/webapp/vue/boardkit/src/test/models_layouts/fixtures/invalid-missing-version.json","statementMap":{},"fnMap":{},"branchMap":{},"s":{},"f":{},"b":{},"meta":{"lastBranch":0,"lastFunction":0,"lastStatement":0,"seen":{},"fnNames":{}}}
,"/Users/jasonwong/_backup/development/products/webapp/vue/boardkit/src/test/models_layouts/fixtures/invalid-multiple-rows.json": {"path":"/Users/jasonwong/_backup/development/products/webapp/vue/boardkit/src/test/models_layouts/fixtures/invalid-multiple-rows.json","statementMap":{},"fnMap":{},"branchMap":{},"s":{},"f":{},"b":{},"meta":{"lastBranch":0,"lastFunction":0,"lastStatement":0,"seen":{},"fnNames":{}}}
,"/Users/jasonwong/_backup/development/products/webapp/vue/boardkit/src/test/models_layouts/fixtures/invalid-version-zero.json": {"path":"/Users/jasonwong/_backup/development/products/webapp/vue/boardkit/src/test/models_layouts/fixtures/invalid-version-zero.json","statementMap":{},"fnMap":{},"branchMap":{},"s":{},"f":{},"b":{},"meta":{"lastBranch":0,"lastFunction":0,"lastStatement":0,"seen":{},"fnNames":{}}}
,"/Users/jasonwong/_backup/development/products/webapp/vue/boardkit/src/test/models_layouts/fixtures/invalid-widget-missing-name.json": {"path":"/Users/jasonwong/_backup/development/products/webapp/vue/boardkit/src/test/models_layouts/fixtures/invalid-widget-missing-name.json","statementMap":{},"fnMap":{},"branchMap":{},"s":{},"f":{},"b":{},"meta":{"lastBranch":0,"lastFunction":0,"lastStatement":0,"seen":{},"fnNames":{}}}
,"/Users/jasonwong/_backup/development/products/webapp/vue/boardkit/src/test/models_layouts/fixtures/invalid-width-out-of-range.json": {"path":"/Users/jasonwong/_backup/development/products/webapp/vue/boardkit/src/test/models_layouts/fixtures/invalid-width-out-of-range.json","statementMap":{},"fnMap":{},"branchMap":{},"s":{},"f":{},"b":{},"meta":{"lastBranch":0,"lastFunction":0,"lastStatement":0,"seen":{},"fnNames":{}}}
,"/Users/jasonwong/_backup/development/products/webapp/vue/boardkit/src/test/models_layouts/fixtures/unparseable-trailing-comma.json": {"path":"/Users/jasonwong/_backup/development/products/webapp/vue/boardkit/src/test/models_layouts/fixtures/unparseable-trailing-comma.json","statementMap":{},"fnMap":{},"branchMap":{},"s":{},"f":{},"b":{},"meta":{"lastBranch":0,"lastFunction":0,"lastStatement":0,"seen":{},"fnNames":{}}}
,"/Users/jasonwong/_backup/development/products/webapp/vue/boardkit/src/test/models_layouts/fixtures/unparseable-truncated.json": {"path":"/Users/jasonwong/_backup/development/products/webapp/vue/boardkit/src/test/models_layouts/fixtures/unparseable-truncated.json","statementMap":{},"fnMap":{},"branchMap":{},"s":{},"f":{},"b":{},"meta":{"lastBranch":0,"lastFunction":0,"lastStatement":0,"seen":{},"fnNames":{}}}
,"/Users/jasonwong/_backup/development/products/webapp/vue/boardkit/src/test/models_layouts/fixtures/valid-minimal.json": {"path":"/Users/jasonwong/_backup/development/products/webapp/vue/boardkit/src/test/models_layouts/fixtures/valid-minimal.json","statementMap":{},"fnMap":{},"branchMap":{},"s":{},"f":{},"b":{},"meta":{"lastBranch":0,"lastFunction":0,"lastStatement":0,"seen":{},"fnNames":{}}}
,"/Users/jasonwong/_backup/development/products/webapp/vue/boardkit/src/test/models_layouts/fixtures/valid-widget-sizes.json": {"path":"/Users/jasonwong/_backup/development/products/webapp/vue/boardkit/src/test/models_layouts/fixtures/valid-widget-sizes.json","statementMap":{},"fnMap":{},"branchMap":{},"s":{},"f":{},"b":{},"meta":{"lastBranch":0,"lastFunction":0,"lastStatement":0,"seen":{},"fnNames":{}}}
,"/Users/jasonwong/_backup/development/products/webapp/vue/boardkit/src/test/models_layouts/fixtures/valid-with-comments.json": {"path":"/Users/jasonwong/_backup/development/products/webapp/vue/boardkit/src/test/models_layouts/fixtures/valid-with-comments.json","statementMap":{},"fnMap":{},"branchMap":{},"s":{},"f":{},"b":{},"meta":{"lastBranch":0,"lastFunction":0,"lastStatement":0,"seen":{},"fnNames":{}}}
}
